<?xml version="1.0" encoding="UTF-8"?>
<testng-results ignored="0" total="1" passed="1" failed="0" skipped="0">
  <reporter-output>
  </reporter-output>
  <suite started-at="2020-09-27T11:52:46 CDT" name="Default suite" finished-at="2020-09-27T11:53:01 CDT" duration-ms="15341">
    <groups>
    </groups>
    <test started-at="2020-09-27T11:52:46 CDT" name="Default test" finished-at="2020-09-27T11:53:01 CDT" duration-ms="15341">
      <class name="com.tests.WordPressLoginTest">
        <test-method signature="loginTest()[pri:0, instance:com.tests.WordPressLoginTest@1ffe63b9]" started-at="2020-09-27T11:52:46 CDT" name="loginTest" finished-at="2020-09-27T11:52:58 CDT" duration-ms="12601" status="PASS">
          <reporter-output>
          </reporter-output>
        </test-method> <!-- loginTest -->
        <test-method is-config="true" signature="afterMethod(org.testng.ITestResult)[pri:0, instance:com.tests.WordPressLoginTest@1ffe63b9]" started-at="2020-09-27T11:52:58 CDT" name="afterMethod" finished-at="2020-09-27T11:53:01 CDT" duration-ms="2658" status="PASS">
          <params>
            <param index="0">
              <value>
                <![CDATA[[TestResult name=loginTest status=SUCCESS method=WordPressLoginTest.loginTest()[pri:0, instance:com.tests.WordPressLoginTest@1ffe63b9] output={null}]]]>
              </value>
            </param>
          </params>
          <reporter-output>
          </reporter-output>
        </test-method> <!-- afterMethod -->
      </class> <!-- com.tests.WordPressLoginTest -->
    </test> <!-- Default test -->
  </suite> <!-- Default suite -->
</testng-results>
